[2025-05-18T01:31:33.497+0100][0.013s] Using G1
[2025-05-18T01:31:33.534+0100][0.050s] Version: 17.0.15+6 (release)
[2025-05-18T01:31:33.534+0100][0.050s] CPUs: 16 total, 16 available
[2025-05-18T01:31:33.534+0100][0.050s] Memory: 16118M
[2025-05-18T01:31:33.534+0100][0.050s] Large Page Support: Disabled
[2025-05-18T01:31:33.534+0100][0.050s] NUMA Support: Disabled
[2025-05-18T01:31:33.534+0100][0.050s] Compressed Oops: Enabled (32-bit)
[2025-05-18T01:31:33.534+0100][0.050s] Heap Region Size: 1M
[2025-05-18T01:31:33.534+0100][0.050s] Heap Min Capacity: 512M
[2025-05-18T01:31:33.534+0100][0.050s] Heap Initial Capacity: 512M
[2025-05-18T01:31:33.534+0100][0.050s] Heap Max Capacity: 512M
[2025-05-18T01:31:33.535+0100][0.050s] Pre-touch: Enabled
[2025-05-18T01:31:33.535+0100][0.050s] Parallel Workers: 13
[2025-05-18T01:31:33.535+0100][0.050s] Concurrent Workers: 3
[2025-05-18T01:31:33.535+0100][0.050s] Concurrent Refinement Workers: 13
[2025-05-18T01:31:33.535+0100][0.050s] Periodic GC: Disabled
[2025-05-18T01:31:33.538+0100][0.054s] CDS archive(s) mapped at: [0x000001c5b2000000-0x000001c5b2bb0000-0x000001c5b2bb0000), size 12255232, SharedBaseAddress: 0x000001c5b2000000, ArchiveRelocationMode: 1.
[2025-05-18T01:31:33.538+0100][0.054s] Compressed class space mapped at: 0x000001c5b3000000-0x000001c5f3000000, reserved size: 1073741824
[2025-05-18T01:31:33.538+0100][0.054s] Narrow klass base: 0x000001c5b2000000, Narrow klass shift: 0, Narrow klass range: 0x100000000
[2025-05-18T01:31:35.307+0100][1.823s] GC(0) Pause Young (Normal) (G1 Evacuation Pause)
[2025-05-18T01:31:35.307+0100][1.824s] GC(0) Using 12 workers of 13 for evacuation
[2025-05-18T01:31:35.309+0100][1.825s] GC(0)   Pre Evacuate Collection Set: 0.0ms
[2025-05-18T01:31:35.309+0100][1.825s] GC(0)   Merge Heap Roots: 0.1ms
[2025-05-18T01:31:35.309+0100][1.825s] GC(0)   Evacuate Collection Set: 1.2ms
[2025-05-18T01:31:35.309+0100][1.825s] GC(0)   Post Evacuate Collection Set: 0.2ms
[2025-05-18T01:31:35.309+0100][1.825s] GC(0)   Other: 0.8ms
[2025-05-18T01:31:35.309+0100][1.825s] GC(0) Eden regions: 29->0(43)
[2025-05-18T01:31:35.309+0100][1.825s] GC(0) Survivor regions: 0->4(4)
[2025-05-18T01:31:35.309+0100][1.825s] GC(0) Old regions: 0->0
[2025-05-18T01:31:35.309+0100][1.825s] GC(0) Archive regions: 0->0
[2025-05-18T01:31:35.309+0100][1.825s] GC(0) Humongous regions: 0->0
[2025-05-18T01:31:35.309+0100][1.825s] GC(0) Metaspace: 6360K(6592K)->6360K(6592K) NonClass: 5625K(5760K)->5625K(5760K) Class: 735K(832K)->735K(832K)
[2025-05-18T01:31:35.309+0100][1.825s] GC(0) Pause Young (Normal) (G1 Evacuation Pause) 29M->3M(512M) 2.509ms
[2025-05-18T01:31:35.309+0100][1.825s] GC(0) User=0.00s Sys=0.00s Real=0.00s
[2025-05-18T01:31:40.424+0100][6.940s] GC(1) Pause Young (Normal) (G1 Evacuation Pause)
[2025-05-18T01:31:40.424+0100][6.940s] GC(1) Using 13 workers of 13 for evacuation
[2025-05-18T01:31:40.428+0100][6.944s] GC(1)   Pre Evacuate Collection Set: 0.1ms
[2025-05-18T01:31:40.428+0100][6.944s] GC(1)   Merge Heap Roots: 0.0ms
[2025-05-18T01:31:40.428+0100][6.944s] GC(1)   Evacuate Collection Set: 3.9ms
[2025-05-18T01:31:40.428+0100][6.944s] GC(1)   Post Evacuate Collection Set: 0.3ms
[2025-05-18T01:31:40.428+0100][6.944s] GC(1)   Other: 0.2ms
[2025-05-18T01:31:40.428+0100][6.944s] GC(1) Eden regions: 43->0(181)
[2025-05-18T01:31:40.428+0100][6.944s] GC(1) Survivor regions: 4->6(6)
[2025-05-18T01:31:40.428+0100][6.944s] GC(1) Old regions: 0->8
[2025-05-18T01:31:40.428+0100][6.944s] GC(1) Archive regions: 0->0
[2025-05-18T01:31:40.428+0100][6.944s] GC(1) Humongous regions: 4->4
[2025-05-18T01:31:40.428+0100][6.944s] GC(1) Metaspace: 17612K(17984K)->17612K(17984K) NonClass: 15547K(15744K)->15547K(15744K) Class: 2065K(2240K)->2065K(2240K)
[2025-05-18T01:31:40.428+0100][6.944s] GC(1) Pause Young (Normal) (G1 Evacuation Pause) 50M->17M(512M) 4.597ms
[2025-05-18T01:31:40.428+0100][6.945s] GC(1) User=0.00s Sys=0.00s Real=0.00s
[2025-05-18T01:31:59.878+0100][26.393s] GC(2) Pause Young (Concurrent Start) (Metadata GC Threshold)
[2025-05-18T01:31:59.878+0100][26.393s] GC(2) Using 13 workers of 13 for evacuation
[2025-05-18T01:31:59.881+0100][26.396s] GC(2)   Pre Evacuate Collection Set: 0.1ms
[2025-05-18T01:31:59.881+0100][26.396s] GC(2)   Merge Heap Roots: 0.0ms
[2025-05-18T01:31:59.881+0100][26.396s] GC(2)   Evacuate Collection Set: 1.7ms
[2025-05-18T01:31:59.881+0100][26.396s] GC(2)   Post Evacuate Collection Set: 0.2ms
[2025-05-18T01:31:59.881+0100][26.396s] GC(2)   Other: 0.8ms
[2025-05-18T01:31:59.881+0100][26.396s] GC(2) Eden regions: 142->0(237)
[2025-05-18T01:31:59.881+0100][26.396s] GC(2) Survivor regions: 6->13(24)
[2025-05-18T01:31:59.881+0100][26.396s] GC(2) Old regions: 8->8
[2025-05-18T01:31:59.881+0100][26.396s] GC(2) Archive regions: 0->0
[2025-05-18T01:31:59.881+0100][26.396s] GC(2) Humongous regions: 4->4
[2025-05-18T01:31:59.881+0100][26.396s] GC(2) Metaspace: 21121K(21504K)->21121K(21504K) NonClass: 18659K(18816K)->18659K(18816K) Class: 2462K(2688K)->2462K(2688K)
[2025-05-18T01:31:59.881+0100][26.396s] GC(2) Pause Young (Concurrent Start) (Metadata GC Threshold) 159M->23M(512M) 2.992ms
[2025-05-18T01:31:59.881+0100][26.396s] GC(2) User=0.00s Sys=0.00s Real=0.00s
[2025-05-18T01:31:59.881+0100][26.396s] GC(3) Concurrent Mark Cycle
[2025-05-18T01:31:59.881+0100][26.396s] GC(3) Concurrent Clear Claimed Marks
[2025-05-18T01:31:59.881+0100][26.396s] GC(3) Concurrent Clear Claimed Marks 0.021ms
[2025-05-18T01:31:59.881+0100][26.396s] GC(3) Concurrent Scan Root Regions
[2025-05-18T01:31:59.883+0100][26.398s] GC(3) Concurrent Scan Root Regions 1.425ms
[2025-05-18T01:31:59.883+0100][26.398s] GC(3) Concurrent Mark
[2025-05-18T01:31:59.883+0100][26.398s] GC(3) Concurrent Mark From Roots
[2025-05-18T01:31:59.883+0100][26.398s] GC(3) Using 3 workers of 3 for marking
[2025-05-18T01:31:59.886+0100][26.402s] GC(3) Concurrent Mark From Roots 3.795ms
[2025-05-18T01:31:59.886+0100][26.402s] GC(3) Concurrent Preclean
[2025-05-18T01:31:59.886+0100][26.402s] GC(3) Concurrent Preclean 0.103ms
[2025-05-18T01:31:59.886+0100][26.402s] GC(3) Pause Remark
[2025-05-18T01:31:59.889+0100][26.405s] GC(3) Pause Remark 24M->24M(512M) 2.839ms
[2025-05-18T01:31:59.889+0100][26.405s] GC(3) User=0.00s Sys=0.00s Real=0.00s
[2025-05-18T01:31:59.889+0100][26.405s] GC(3) Concurrent Mark 7.314ms
[2025-05-18T01:31:59.889+0100][26.405s] GC(3) Concurrent Rebuild Remembered Sets
[2025-05-18T01:31:59.891+0100][26.407s] GC(3) Concurrent Rebuild Remembered Sets 1.792ms
[2025-05-18T01:31:59.891+0100][26.407s] GC(3) Pause Cleanup
[2025-05-18T01:31:59.891+0100][26.407s] GC(3) Pause Cleanup 24M->24M(512M) 0.052ms
[2025-05-18T01:31:59.891+0100][26.407s] GC(3) User=0.00s Sys=0.00s Real=0.00s
[2025-05-18T01:31:59.891+0100][26.407s] GC(3) Concurrent Cleanup for Next Mark
[2025-05-18T01:31:59.891+0100][26.408s] GC(3) Concurrent Cleanup for Next Mark 0.293ms
[2025-05-18T01:31:59.891+0100][26.408s] GC(3) Concurrent Mark Cycle 11.121ms
[2025-05-18T01:32:20.281+0100][46.796s] GC(4) Pause Young (Concurrent Start) (Metadata GC Threshold)
[2025-05-18T01:32:20.281+0100][46.796s] GC(4) Using 13 workers of 13 for evacuation
[2025-05-18T01:32:20.284+0100][46.800s] GC(4)   Pre Evacuate Collection Set: 0.1ms
[2025-05-18T01:32:20.284+0100][46.800s] GC(4)   Merge Heap Roots: 0.0ms
[2025-05-18T01:32:20.284+0100][46.800s] GC(4)   Evacuate Collection Set: 3.1ms
[2025-05-18T01:32:20.284+0100][46.800s] GC(4)   Post Evacuate Collection Set: 0.3ms
[2025-05-18T01:32:20.284+0100][46.800s] GC(4)   Other: 0.1ms
[2025-05-18T01:32:20.284+0100][46.800s] GC(4) Eden regions: 111->0(290)
[2025-05-18T01:32:20.284+0100][46.800s] GC(4) Survivor regions: 13->17(33)
[2025-05-18T01:32:20.284+0100][46.800s] GC(4) Old regions: 8->8
[2025-05-18T01:32:20.284+0100][46.800s] GC(4) Archive regions: 0->0
[2025-05-18T01:32:20.284+0100][46.800s] GC(4) Humongous regions: 4->4
[2025-05-18T01:32:20.284+0100][46.800s] GC(4) Metaspace: 35641K(35968K)->35641K(35968K) NonClass: 31416K(31552K)->31416K(31552K) Class: 4224K(4416K)->4224K(4416K)
[2025-05-18T01:32:20.284+0100][46.800s] GC(4) Pause Young (Concurrent Start) (Metadata GC Threshold) 134M->28M(512M) 3.814ms
[2025-05-18T01:32:20.285+0100][46.800s] GC(4) User=0.00s Sys=0.00s Real=0.00s
[2025-05-18T01:32:20.285+0100][46.800s] GC(5) Concurrent Mark Cycle
[2025-05-18T01:32:20.285+0100][46.800s] GC(5) Concurrent Clear Claimed Marks
[2025-05-18T01:32:20.285+0100][46.800s] GC(5) Concurrent Clear Claimed Marks 0.021ms
[2025-05-18T01:32:20.285+0100][46.800s] GC(5) Concurrent Scan Root Regions
[2025-05-18T01:32:20.287+0100][46.802s] GC(5) Concurrent Scan Root Regions 1.951ms
[2025-05-18T01:32:20.287+0100][46.802s] GC(5) Concurrent Mark
[2025-05-18T01:32:20.287+0100][46.802s] GC(5) Concurrent Mark From Roots
[2025-05-18T01:32:20.287+0100][46.802s] GC(5) Using 3 workers of 3 for marking
[2025-05-18T01:32:20.290+0100][46.806s] GC(5) Concurrent Mark From Roots 3.629ms
[2025-05-18T01:32:20.290+0100][46.806s] GC(5) Concurrent Preclean
[2025-05-18T01:32:20.290+0100][46.806s] GC(5) Concurrent Preclean 0.080ms
[2025-05-18T01:32:20.291+0100][46.806s] GC(5) Pause Remark
[2025-05-18T01:32:20.292+0100][46.807s] GC(5) Pause Remark 29M->29M(512M) 1.363ms
[2025-05-18T01:32:20.292+0100][46.807s] GC(5) User=0.00s Sys=0.00s Real=0.00s
[2025-05-18T01:32:20.292+0100][46.807s] GC(5) Concurrent Mark 5.253ms
[2025-05-18T01:32:20.292+0100][46.807s] GC(5) Concurrent Rebuild Remembered Sets
[2025-05-18T01:32:20.294+0100][46.809s] GC(5) Concurrent Rebuild Remembered Sets 1.736ms
[2025-05-18T01:32:20.294+0100][46.809s] GC(5) Pause Cleanup
[2025-05-18T01:32:20.294+0100][46.809s] GC(5) Pause Cleanup 29M->29M(512M) 0.081ms
[2025-05-18T01:32:20.294+0100][46.809s] GC(5) User=0.00s Sys=0.00s Real=0.00s
[2025-05-18T01:32:20.294+0100][46.809s] GC(5) Concurrent Cleanup for Next Mark
[2025-05-18T01:32:20.294+0100][46.810s] GC(5) Concurrent Cleanup for Next Mark 0.287ms
[2025-05-18T01:32:20.294+0100][46.810s] GC(5) Concurrent Mark Cycle 9.544ms
[2025-05-18T01:33:35.810+0100][122.325s] GC(6) Pause Young (Concurrent Start) (Metadata GC Threshold)
[2025-05-18T01:33:35.810+0100][122.325s] GC(6) Using 13 workers of 13 for evacuation
[2025-05-18T01:33:35.819+0100][122.335s] GC(6)   Pre Evacuate Collection Set: 0.1ms
[2025-05-18T01:33:35.819+0100][122.335s] GC(6)   Merge Heap Roots: 0.2ms
[2025-05-18T01:33:35.819+0100][122.335s] GC(6)   Evacuate Collection Set: 6.9ms
[2025-05-18T01:33:35.819+0100][122.335s] GC(6)   Post Evacuate Collection Set: 2.5ms
[2025-05-18T01:33:35.819+0100][122.335s] GC(6)   Other: 0.2ms
[2025-05-18T01:33:35.819+0100][122.335s] GC(6) Eden regions: 240->0(271)
[2025-05-18T01:33:35.819+0100][122.335s] GC(6) Survivor regions: 17->36(39)
[2025-05-18T01:33:35.819+0100][122.335s] GC(6) Old regions: 8->8
[2025-05-18T01:33:35.819+0100][122.335s] GC(6) Archive regions: 0->0
[2025-05-18T01:33:35.819+0100][122.335s] GC(6) Humongous regions: 4->4
[2025-05-18T01:33:35.819+0100][122.335s] GC(6) Metaspace: 59667K(60160K)->59667K(60160K) NonClass: 52266K(52480K)->52266K(52480K) Class: 7400K(7680K)->7400K(7680K)
[2025-05-18T01:33:35.819+0100][122.335s] GC(6) Pause Young (Concurrent Start) (Metadata GC Threshold) 268M->47M(512M) 10.090ms
[2025-05-18T01:33:35.819+0100][122.335s] GC(6) User=0.00s Sys=0.00s Real=0.01s
[2025-05-18T01:33:35.819+0100][122.335s] GC(7) Concurrent Mark Cycle
[2025-05-18T01:33:35.819+0100][122.335s] GC(7) Concurrent Clear Claimed Marks
[2025-05-18T01:33:35.819+0100][122.335s] GC(7) Concurrent Clear Claimed Marks 0.037ms
[2025-05-18T01:33:35.819+0100][122.335s] GC(7) Concurrent Scan Root Regions
[2025-05-18T01:33:35.823+0100][122.339s] GC(7) Concurrent Scan Root Regions 4.257ms
[2025-05-18T01:33:35.824+0100][122.339s] GC(7) Concurrent Mark
[2025-05-18T01:33:35.824+0100][122.339s] GC(7) Concurrent Mark From Roots
[2025-05-18T01:33:35.824+0100][122.339s] GC(7) Using 3 workers of 3 for marking
[2025-05-18T01:33:35.828+0100][122.344s] GC(7) Concurrent Mark From Roots 4.564ms
[2025-05-18T01:33:35.828+0100][122.344s] GC(7) Concurrent Preclean
[2025-05-18T01:33:35.828+0100][122.344s] GC(7) Concurrent Preclean 0.152ms
[2025-05-18T01:33:35.828+0100][122.344s] GC(7) Pause Remark
[2025-05-18T01:33:35.831+0100][122.346s] GC(7) Pause Remark 48M->48M(512M) 2.165ms
[2025-05-18T01:33:35.831+0100][122.346s] GC(7) User=0.00s Sys=0.00s Real=0.00s
[2025-05-18T01:33:35.831+0100][122.346s] GC(7) Concurrent Mark 7.026ms
[2025-05-18T01:33:35.831+0100][122.347s] GC(7) Concurrent Rebuild Remembered Sets
[2025-05-18T01:33:35.832+0100][122.348s] GC(7) Concurrent Rebuild Remembered Sets 1.398ms
[2025-05-18T01:33:35.833+0100][122.349s] GC(7) Pause Cleanup
[2025-05-18T01:33:35.833+0100][122.349s] GC(7) Pause Cleanup 48M->48M(512M) 0.064ms
[2025-05-18T01:33:35.833+0100][122.349s] GC(7) User=0.00s Sys=0.00s Real=0.00s
[2025-05-18T01:33:35.833+0100][122.349s] GC(7) Concurrent Cleanup for Next Mark
[2025-05-18T01:33:35.833+0100][122.349s] GC(7) Concurrent Cleanup for Next Mark 0.264ms
[2025-05-18T01:33:35.833+0100][122.349s] GC(7) Concurrent Mark Cycle 13.963ms
[2025-05-18T01:33:36.849+0100][123.365s] GC(8) Pause Young (Normal) (G1 Evacuation Pause)
[2025-05-18T01:33:36.849+0100][123.365s] GC(8) Using 13 workers of 13 for evacuation
[2025-05-18T01:33:36.857+0100][123.372s] GC(8)   Pre Evacuate Collection Set: 0.1ms
[2025-05-18T01:33:36.857+0100][123.372s] GC(8)   Merge Heap Roots: 0.0ms
[2025-05-18T01:33:36.857+0100][123.372s] GC(8)   Evacuate Collection Set: 6.2ms
[2025-05-18T01:33:36.857+0100][123.372s] GC(8)   Post Evacuate Collection Set: 0.6ms
[2025-05-18T01:33:36.857+0100][123.372s] GC(8)   Other: 0.2ms
[2025-05-18T01:33:36.857+0100][123.372s] GC(8) Eden regions: 271->0(281)
[2025-05-18T01:33:36.857+0100][123.372s] GC(8) Survivor regions: 36->26(39)
[2025-05-18T01:33:36.857+0100][123.372s] GC(8) Old regions: 8->25
[2025-05-18T01:33:36.857+0100][123.372s] GC(8) Archive regions: 0->0
[2025-05-18T01:33:36.857+0100][123.372s] GC(8) Humongous regions: 4->4
[2025-05-18T01:33:36.857+0100][123.372s] GC(8) Metaspace: 60614K(61184K)->60614K(61184K) NonClass: 53178K(53440K)->53178K(53440K) Class: 7436K(7744K)->7436K(7744K)
[2025-05-18T01:33:36.857+0100][123.372s] GC(8) Pause Young (Normal) (G1 Evacuation Pause) 318M->53M(512M) 7.298ms
[2025-05-18T01:33:36.857+0100][123.373s] GC(8) User=0.22s Sys=0.03s Real=0.01s
